0 info it worked if it ends with ok
1 verbose cli [ '/Users/auchenberg/.nvm/v0.10.40/bin/node',
1 verbose cli   '/Users/auchenberg/.nvm/v0.10.40/bin/npm',
1 verbose cli   'publish' ]
2 info using npm@1.4.28
3 info using node@v0.10.40
4 verbose publish [ '.' ]
5 verbose cache add [ '.', null ]
6 verbose cache add name=undefined spec="." args=[".",null]
7 verbose parsed url { protocol: null,
7 verbose parsed url   slashes: null,
7 verbose parsed url   auth: null,
7 verbose parsed url   host: null,
7 verbose parsed url   port: null,
7 verbose parsed url   hostname: null,
7 verbose parsed url   hash: null,
7 verbose parsed url   search: null,
7 verbose parsed url   query: null,
7 verbose parsed url   pathname: '.',
7 verbose parsed url   path: '.',
7 verbose parsed url   href: '.' }
8 silly lockFile 3a52ce78- .
9 verbose lock . /Users/auchenberg/.npm/3a52ce78-.lock
10 verbose tar pack [ '/Users/auchenberg/.npm/volkswagen/0.0.1/package.tgz', '.' ]
11 verbose tarball /Users/auchenberg/.npm/volkswagen/0.0.1/package.tgz
12 verbose folder .
13 info prepublish volkswagen@0.0.1
14 silly lockFile 1f1177db-tar tar://.
15 verbose lock tar://. /Users/auchenberg/.npm/1f1177db-tar.lock
16 silly lockFile aadace0a-npm-volkswagen-0-0-1-package-tgz tar:///Users/auchenberg/.npm/volkswagen/0.0.1/package.tgz
17 verbose lock tar:///Users/auchenberg/.npm/volkswagen/0.0.1/package.tgz /Users/auchenberg/.npm/aadace0a-npm-volkswagen-0-0-1-package-tgz.lock
18 silly lockFile 1f1177db-tar tar://.
19 silly lockFile 1f1177db-tar tar://.
20 silly lockFile aadace0a-npm-volkswagen-0-0-1-package-tgz tar:///Users/auchenberg/.npm/volkswagen/0.0.1/package.tgz
21 silly lockFile aadace0a-npm-volkswagen-0-0-1-package-tgz tar:///Users/auchenberg/.npm/volkswagen/0.0.1/package.tgz
22 silly lockFile 85abb69e-erg-npm-volkswagen-0-0-1-package /Users/auchenberg/.npm/volkswagen/0.0.1/package
23 verbose lock /Users/auchenberg/.npm/volkswagen/0.0.1/package /Users/auchenberg/.npm/85abb69e-erg-npm-volkswagen-0-0-1-package.lock
24 silly lockFile 85abb69e-erg-npm-volkswagen-0-0-1-package /Users/auchenberg/.npm/volkswagen/0.0.1/package
25 silly lockFile 85abb69e-erg-npm-volkswagen-0-0-1-package /Users/auchenberg/.npm/volkswagen/0.0.1/package
26 silly lockFile 3a52ce78- .
27 silly lockFile 3a52ce78- .
28 silly publish { name: 'volkswagen',
28 silly publish   version: '0.0.1',
28 silly publish   description: 'Volkswagen detects when your tests are being run in a CI server, and makes them pass.',
28 silly publish   author: { name: 'Kenneth Auchenberg' },
28 silly publish   license: 'MIT',
28 silly publish   repository: { type: 'git', url: 'https://github.com/auchenberg/volkswagen' },
28 silly publish   bugs: { url: 'https://github.com/auchenberg/volkswagen/issues' },
28 silly publish   readme: 'ERROR: No README data found!',
28 silly publish   homepage: 'https://github.com/auchenberg/volkswagen',
28 silly publish   _id: 'volkswagen@0.0.1',
28 silly publish   scripts: {},
28 silly publish   _shasum: 'fd4a8bafbfcbd399be0d0d2c901d54c30962a9dd',
28 silly publish   _from: '.' }
29 error need auth auth and email required for publishing
29 error need auth You need to authorize this machine using `npm adduser`
30 error System Darwin 15.0.0
31 error command "/Users/auchenberg/.nvm/v0.10.40/bin/node" "/Users/auchenberg/.nvm/v0.10.40/bin/npm" "publish"
32 error cwd /Users/auchenberg/Development/volkswagen
33 error node -v v0.10.40
34 error npm -v 1.4.28
35 error code ENEEDAUTH
36 verbose exit [ 1, true ]
